[debug] [2024-07-06T03:30:41.819Z] ----------------------------------------------------------------------
[debug] [2024-07-06T03:30:41.822Z] Command:       C:\Program Files\nodejs\node.exe C:\Users\upras\AppData\Roaming\npm\node_modules\firebase-tools\lib\bin\firebase.js init
[debug] [2024-07-06T03:30:41.822Z] CLI Version:   13.13.0
[debug] [2024-07-06T03:30:41.823Z] Platform:      win32
[debug] [2024-07-06T03:30:41.823Z] Node Version:  v20.11.1
[debug] [2024-07-06T03:30:41.823Z] Time:          Sat Jul 06 2024 09:00:41 GMT+0530 (India Standard Time)
[debug] [2024-07-06T03:30:41.823Z] ----------------------------------------------------------------------
[debug] 
[debug] [2024-07-06T03:30:41.828Z] > command requires scopes: ["email","openid","https://www.googleapis.com/auth/cloudplatformprojects.readonly","https://www.googleapis.com/auth/firebase","https://www.googleapis.com/auth/cloud-platform"]
[debug] [2024-07-06T03:30:41.829Z] > authorizing via signed-in user (solutionsocad@gmail.com)
[info] 
     ######## #### ########  ######## ########     ###     ######  ########
     ##        ##  ##     ## ##       ##     ##  ##   ##  ##       ##
     ######    ##  ########  ######   ########  #########  ######  ######
     ##        ##  ##    ##  ##       ##     ## ##     ##       ## ##
     ##       #### ##     ## ######## ########  ##     ##  ######  ########

You're about to initialize a Firebase project in this directory:

  E:\Study\React\vite\OCAD\frontend

[info] 
=== Project Setup
[info] 
[info] First, let's associate this project directory with a Firebase project.
[info] You can create multiple project aliases by running firebase use --add, 
[info] but for now we'll just set up a default project.
[info] 
[debug] [2024-07-06T03:31:33.169Z] > refreshing access token with scopes: []
[debug] [2024-07-06T03:31:33.170Z] >>> [apiv2][query] POST https://www.googleapis.com/oauth2/v3/token [none]
[debug] [2024-07-06T03:31:33.171Z] >>> [apiv2][body] POST https://www.googleapis.com/oauth2/v3/token [omitted]
[debug] [2024-07-06T03:31:34.435Z] <<< [apiv2][status] POST https://www.googleapis.com/oauth2/v3/token 200
[debug] [2024-07-06T03:31:34.435Z] <<< [apiv2][body] POST https://www.googleapis.com/oauth2/v3/token [omitted]
[debug] [2024-07-06T03:31:34.441Z] >>> [apiv2][query] GET https://firebase.googleapis.com/v1beta1/projects pageSize=100
[debug] [2024-07-06T03:31:35.106Z] <<< [apiv2][status] GET https://firebase.googleapis.com/v1beta1/projects 200
[debug] [2024-07-06T03:31:35.107Z] <<< [apiv2][body] GET https://firebase.googleapis.com/v1beta1/projects [omitted]
[info] i  Using project ocad-70351 (ocad) 
[info] 
=== Hosting Setup
[debug] [2024-07-06T03:31:36.907Z] >>> [apiv2][query] GET https://firebase.googleapis.com/v1beta1/projects/ocad-70351 [none]
[debug] [2024-07-06T03:31:37.240Z] <<< [apiv2][status] GET https://firebase.googleapis.com/v1beta1/projects/ocad-70351 200
[debug] [2024-07-06T03:31:37.241Z] <<< [apiv2][body] GET https://firebase.googleapis.com/v1beta1/projects/ocad-70351 {"projectId":"ocad-70351","projectNumber":"515702858997","displayName":"ocad","name":"projects/ocad-70351","resources":{"hostingSite":"ocad-70351"},"state":"ACTIVE","etag":"1_216cc8d0-cd4d-46f8-84ef-04749b7747b3"}
[info] 
[info] Your public directory is the folder (relative to your project directory) that
[info] will contain Hosting assets to be uploaded with firebase deploy. If you
[info] have a build process for your assets, use your build's output directory.
[info] 
